0 info it worked if it ends with ok
1 verbose cli [ '/Users/alexgorbatchev/.nvm/v0.10.24/bin/node',
1 verbose cli   '/Users/alexgorbatchev/.nvm/v0.10.24/bin/npm',
1 verbose cli   'info',
1 verbose cli   'gulp-print' ]
2 info using npm@1.3.21
3 info using node@v0.10.24
4 verbose url raw gulp-print
5 verbose url resolving [ 'https://registry.npmjs.org/', './gulp-print' ]
6 verbose url resolved https://registry.npmjs.org/gulp-print
7 info trying registry request attempt 1 at 19:48:55
8 http GET https://registry.npmjs.org/gulp-print
9 http 404 https://registry.npmjs.org/gulp-print
10 silly registry.get cb [ 404,
10 silly registry.get   { date: 'Tue, 11 Feb 2014 03:48:51 GMT',
10 silly registry.get     server: 'CouchDB/1.5.0 (Erlang OTP/R16B)',
10 silly registry.get     'content-type': 'application/json',
10 silly registry.get     via: '1.1 varnish',
10 silly registry.get     'cache-control': 'max-age=0',
10 silly registry.get     'content-length': '52',
10 silly registry.get     'accept-ranges': 'bytes',
10 silly registry.get     age: '0',
10 silly registry.get     'x-served-by': 'cache-v36-ASH, cache-lax1422-LAX',
10 silly registry.get     'x-cache': 'MISS, MISS',
10 silly registry.get     'x-cache-hits': '0, 0',
10 silly registry.get     'x-timer': 'S1392090531.551822662,VS0,VS32,VE119,VE152',
10 silly registry.get     'keep-alive': 'timeout=10, max=50',
10 silly registry.get     connection: 'Keep-Alive' } ]
11 error 404 'gulp-print' is not in the npm registry.
11 error 404 You should bug the author to publish it
11 error 404
11 error 404 Note that you can also install from a
11 error 404 tarball, folder, or http url, or git url.
12 error System Darwin 12.2.0
13 error command "/Users/alexgorbatchev/.nvm/v0.10.24/bin/node" "/Users/alexgorbatchev/.nvm/v0.10.24/bin/npm" "info" "gulp-print"
14 error cwd /Users/alexgorbatchev/work/modules/github-alexgorbatchev/gulp-print
15 error node -v v0.10.24
16 error npm -v 1.3.21
17 error code E404
18 verbose exit [ 1, true ]
